Logging to: logs/auto_fix_run_20251209_134109.log
================================================================================
================================================================================
AUTOMATED FIX FOR ALL TRANSLATION ISSUES
================================================================================
Started: 2025-12-09 13:41:09
Mode: Full fix
================================================================================

================================================================================
STEP 1: REMOVING ARABIC CONTAMINATION FROM SOURCE FILES
================================================================================
Started: 2025-12-09 13:41:09

Creating backup at: backups/20251209_134109

================================================================================
STEP 1 COMPLETE - 2025-12-09 13:41:10
================================================================================
Removed/cleaned: 0 contaminated verses
Translations affected: 0

Backup location: backups/20251209_134109

================================================================================
STEP 2: FIXING AI ALIGNMENT ISSUES
================================================================================
Started: 2025-12-09 13:41:10

Fixing 6 translations with >50 alignment failures


[1/6] Processing pt-elhayek...
Time: 13:41:10
