Logging to: logs/auto_fix_run_20251209_204948.log
================================================================================
================================================================================
AUTOMATED FIX FOR ALL TRANSLATION ISSUES
================================================================================
Started: 2025-12-09 20:49:48
Mode: Full fix
================================================================================

================================================================================
STEP 1: REMOVING ARABIC CONTAMINATION FROM SOURCE FILES
================================================================================
Started: 2025-12-09 20:49:48

Creating backup at: backups/20251209_204948

================================================================================
STEP 1 COMPLETE - 2025-12-09 20:49:51
================================================================================
Removed/cleaned: 0 contaminated verses
Translations affected: 0

Backup location: backups/20251209_204948

================================================================================
STEP 2: FIXING AI ALIGNMENT ISSUES
================================================================================
Started: 2025-12-09 20:49:51

Fixing 6 translations with >50 alignment failures


[1/6] Processing pt-elhayek...
Time: 20:49:51
