Logging to: logs/auto_fix_run_20251209_083246.log
================================================================================
================================================================================
AUTOMATED FIX FOR ALL TRANSLATION ISSUES
================================================================================
Started: 2025-12-09 08:32:46
Mode: Full fix
================================================================================

================================================================================
STEP 1: REMOVING ARABIC CONTAMINATION FROM SOURCE FILES
================================================================================
Started: 2025-12-09 08:32:46

Creating backup at: backups/20251209_083246

================================================================================
STEP 1 COMPLETE - 2025-12-09 08:32:48
================================================================================
Removed/cleaned: 0 contaminated verses
Translations affected: 0

Backup location: backups/20251209_083246

================================================================================
STEP 2: FIXING AI ALIGNMENT ISSUES
================================================================================
Started: 2025-12-09 08:32:48

Fixing 6 translations with >50 alignment failures


[1/6] Processing pt-elhayek...
Time: 08:32:48
⚠️  pt-elhayek timed out (>1 hour)

[2/6] Processing nl-siregar...
Time: 09:32:48
⚠️  nl-siregar timed out (>1 hour)

[3/6] Processing ml-abdulhameed...
Time: 10:32:48
⚠️  ml-abdulhameed timed out (>1 hour)

[4/6] Processing es-navio...
Time: 11:32:48
⚠️  es-navio timed out (>1 hour)

[5/6] Processing de-bo...
Time: 12:32:49
